github.com/fasdalf/train-go-musthave-metrics/cmd/agent/main.go:28:							main				0.0%
github.com/fasdalf/train-go-musthave-metrics/cmd/server/main.go:36:							main				0.0%
github.com/fasdalf/train-go-musthave-metrics/cmd/staticlint/errcheckanalyzer.go:16:					runErrCheckAnalyzer		100.0%
github.com/fasdalf/train-go-musthave-metrics/cmd/staticlint/errcheckanalyzer.go:93:					isErrorType			100.0%
github.com/fasdalf/train-go-musthave-metrics/cmd/staticlint/errcheckanalyzer.go:101:					resultErrors			100.0%
github.com/fasdalf/train-go-musthave-metrics/cmd/staticlint/errcheckanalyzer.go:124:					isReturnError			100.0%
github.com/fasdalf/train-go-musthave-metrics/cmd/staticlint/main.go:14:							main				0.0%
github.com/fasdalf/train-go-musthave-metrics/cmd/staticlint/osexitanalyzer.go:15:					runOSExitAnalyzer		100.0%
github.com/fasdalf/train-go-musthave-metrics/internal/agent/handlers/collectGopsutilMetrics.go:12:			CollectGopsutilMetrics		0.0%
github.com/fasdalf/train-go-musthave-metrics/internal/agent/handlers/collectLoop.go:12:					loop				100.0%
github.com/fasdalf/train-go-musthave-metrics/internal/agent/handlers/collectLoop.go:27:					Collect				0.0%
github.com/fasdalf/train-go-musthave-metrics/internal/agent/handlers/collectMetrics.go:11:				CollectMetrics			100.0%
github.com/fasdalf/train-go-musthave-metrics/internal/agent/handlers/grpcposter.go:24:					Post				100.0%
github.com/fasdalf/train-go-musthave-metrics/internal/agent/handlers/grpcposter.go:59:					NewGRPCPoster			100.0%
github.com/fasdalf/train-go-musthave-metrics/internal/agent/handlers/grpcposter.go:67:					newClient			100.0%
github.com/fasdalf/train-go-musthave-metrics/internal/agent/handlers/mockposter.go:16:					Post				100.0%
github.com/fasdalf/train-go-musthave-metrics/internal/agent/handlers/mockposter.go:29:					NewMockPoster			100.0%
github.com/fasdalf/train-go-musthave-metrics/internal/agent/handlers/nethttpposter.go:30:				Post				68.0%
github.com/fasdalf/train-go-musthave-metrics/internal/agent/handlers/nethttpposter.go:71:				compressMetrics			78.6%
github.com/fasdalf/train-go-musthave-metrics/internal/agent/handlers/nethttpposter.go:93:				NewNetHTTPPoster		100.0%
github.com/fasdalf/train-go-musthave-metrics/internal/agent/handlers/restyposter.go:20:					Post				75.0%
github.com/fasdalf/train-go-musthave-metrics/internal/agent/handlers/restyposter.go:57:					NewRestyPoster			100.0%
github.com/fasdalf/train-go-musthave-metrics/internal/agent/handlers/sendMetrics.go:29:					SendMetrics			100.0%
github.com/fasdalf/train-go-musthave-metrics/internal/agent/handlers/sendMetrics.go:39:					isRecoverable			100.0%
github.com/fasdalf/train-go-musthave-metrics/internal/agent/handlers/sendMetrics.go:49:					newWorker			100.0%
github.com/fasdalf/train-go-musthave-metrics/internal/agent/handlers/sendMetrics.go:66:					newProducer			100.0%
github.com/fasdalf/train-go-musthave-metrics/internal/agent/handlers/sendMetrics.go:98:					SendMetricsLoop			100.0%
github.com/fasdalf/train-go-musthave-metrics/internal/common/configfile/configfile.go:17:				init				100.0%
github.com/fasdalf/train-go-musthave-metrics/internal/common/configfile/configfile.go:22:				ParseFile			100.0%
github.com/fasdalf/train-go-musthave-metrics/internal/common/configfile/configfile.go:32:				getConfigFileName		100.0%
github.com/fasdalf/train-go-musthave-metrics/internal/common/cryptofacade/cryptofacade.go:8:				Hash				100.0%
github.com/fasdalf/train-go-musthave-metrics/internal/common/jsonofflinestorage/jsonofflinesaver.go:38:			NewJSONFileStorage		0.0%
github.com/fasdalf/train-go-musthave-metrics/internal/common/jsonofflinestorage/jsonofflinesaver.go:50:			Start				0.0%
github.com/fasdalf/train-go-musthave-metrics/internal/common/jsonofflinestorage/jsonofflinesaver.go:64:			save				0.0%
github.com/fasdalf/train-go-musthave-metrics/internal/common/jsonofflinestorage/jsonofflinesaver.go:126:		restore				0.0%
github.com/fasdalf/train-go-musthave-metrics/internal/common/jsonofflinestorage/jsonofflinesaver.go:162:		saveToFile			0.0%
github.com/fasdalf/train-go-musthave-metrics/internal/common/localip/localip.go:8:					GetLocalIP			100.0%
github.com/fasdalf/train-go-musthave-metrics/internal/common/localip/localip.go:21:					ValidateIPStringInSubnet	100.0%
github.com/fasdalf/train-go-musthave-metrics/internal/common/localip/localip.go:36:					GetFreePort			100.0%
github.com/fasdalf/train-go-musthave-metrics/internal/common/metricstorage/dbStorage.go:24:				NewDBStorage			0.0%
github.com/fasdalf/train-go-musthave-metrics/internal/common/metricstorage/dbStorage.go:38:				Bootstrap			0.0%
github.com/fasdalf/train-go-musthave-metrics/internal/common/metricstorage/dbStorage.go:86:				updateCounterSQL		0.0%
github.com/fasdalf/train-go-musthave-metrics/internal/common/metricstorage/dbStorage.go:96:				UpdateCounter			0.0%
github.com/fasdalf/train-go-musthave-metrics/internal/common/metricstorage/dbStorage.go:100:				updateGaugeSQL			0.0%
github.com/fasdalf/train-go-musthave-metrics/internal/common/metricstorage/dbStorage.go:108:				UpdateGauge			0.0%
github.com/fasdalf/train-go-musthave-metrics/internal/common/metricstorage/dbStorage.go:112:				GetCounter			0.0%
github.com/fasdalf/train-go-musthave-metrics/internal/common/metricstorage/dbStorage.go:124:				GetGauge			0.0%
github.com/fasdalf/train-go-musthave-metrics/internal/common/metricstorage/dbStorage.go:136:				HasCounter			0.0%
github.com/fasdalf/train-go-musthave-metrics/internal/common/metricstorage/dbStorage.go:148:				HasGauge			0.0%
github.com/fasdalf/train-go-musthave-metrics/internal/common/metricstorage/dbStorage.go:160:				ListGauges			0.0%
github.com/fasdalf/train-go-musthave-metrics/internal/common/metricstorage/dbStorage.go:185:				ListCounters			0.0%
github.com/fasdalf/train-go-musthave-metrics/internal/common/metricstorage/dbStorage.go:210:				StartBatch			0.0%
github.com/fasdalf/train-go-musthave-metrics/internal/common/metricstorage/dbStorage.go:218:				UpdateCounter			0.0%
github.com/fasdalf/train-go-musthave-metrics/internal/common/metricstorage/dbStorage.go:225:				UpdateGauge			0.0%
github.com/fasdalf/train-go-musthave-metrics/internal/common/metricstorage/dbStorage.go:232:				Commit				0.0%
github.com/fasdalf/train-go-musthave-metrics/internal/common/metricstorage/dbStorage.go:235:				rollback			0.0%
github.com/fasdalf/train-go-musthave-metrics/internal/common/metricstorage/dirtystorage.go:13:				NewDirtyStorage			100.0%
github.com/fasdalf/train-go-musthave-metrics/internal/common/metricstorage/dirtystorage.go:22:				UpdateCounter			100.0%
github.com/fasdalf/train-go-musthave-metrics/internal/common/metricstorage/dirtystorage.go:30:				UpdateGauge			100.0%
github.com/fasdalf/train-go-musthave-metrics/internal/common/metricstorage/dirtystorage.go:38:				markDirty			100.0%
github.com/fasdalf/train-go-musthave-metrics/internal/common/metricstorage/dirtystorage.go:49:				Clear				100.0%
github.com/fasdalf/train-go-musthave-metrics/internal/common/metricstorage/memStorage.go:20:				NewMemStorage			100.0%
github.com/fasdalf/train-go-musthave-metrics/internal/common/metricstorage/memStorage.go:29:				UpdateCounter			100.0%
github.com/fasdalf/train-go-musthave-metrics/internal/common/metricstorage/memStorage.go:38:				UpdateGauge			100.0%
github.com/fasdalf/train-go-musthave-metrics/internal/common/metricstorage/memStorage.go:47:				GetCounter			100.0%
github.com/fasdalf/train-go-musthave-metrics/internal/common/metricstorage/memStorage.go:53:				GetGauge			100.0%
github.com/fasdalf/train-go-musthave-metrics/internal/common/metricstorage/memStorage.go:59:				HasCounter			100.0%
github.com/fasdalf/train-go-musthave-metrics/internal/common/metricstorage/memStorage.go:66:				HasGauge			100.0%
github.com/fasdalf/train-go-musthave-metrics/internal/common/metricstorage/memStorage.go:74:				ListGauges			100.0%
github.com/fasdalf/train-go-musthave-metrics/internal/common/metricstorage/memStorage.go:85:				ListCounters			100.0%
github.com/fasdalf/train-go-musthave-metrics/internal/common/metricstorage/memStorage.go:95:				StartBatch			100.0%
github.com/fasdalf/train-go-musthave-metrics/internal/common/metricstorage/memStorage.go:102:				UpdateCounter			100.0%
github.com/fasdalf/train-go-musthave-metrics/internal/common/metricstorage/memStorage.go:105:				UpdateGauge			100.0%
github.com/fasdalf/train-go-musthave-metrics/internal/common/metricstorage/memStorage.go:109:				Commit				100.0%
github.com/fasdalf/train-go-musthave-metrics/internal/common/metricstorage/memStorageMuted.go:7:			NewMemStorageMuted		100.0%
github.com/fasdalf/train-go-musthave-metrics/internal/common/metricstorage/memStorageMuted.go:13:			UpdateCounter			100.0%
github.com/fasdalf/train-go-musthave-metrics/internal/common/metricstorage/memStorageMuted.go:17:			UpdateGauge			100.0%
github.com/fasdalf/train-go-musthave-metrics/internal/common/metricstorage/memStorageMuted.go:21:			GetCounter			100.0%
github.com/fasdalf/train-go-musthave-metrics/internal/common/metricstorage/memStorageMuted.go:26:			GetGauge			100.0%
github.com/fasdalf/train-go-musthave-metrics/internal/common/metricstorage/memStorageMuted.go:31:			ListGauges			100.0%
github.com/fasdalf/train-go-musthave-metrics/internal/common/metricstorage/memStorageMuted.go:36:			ListCounters			100.0%
github.com/fasdalf/train-go-musthave-metrics/internal/common/metricstorage/mockErrorStorage.go:12:			HasCounter			100.0%
github.com/fasdalf/train-go-musthave-metrics/internal/common/metricstorage/mockErrorStorage.go:19:			HasGauge			100.0%
github.com/fasdalf/train-go-musthave-metrics/internal/common/metricstorage/mockErrorStorage.go:26:			UpdateCounter			100.0%
github.com/fasdalf/train-go-musthave-metrics/internal/common/metricstorage/mockErrorStorage.go:33:			UpdateGauge			100.0%
github.com/fasdalf/train-go-musthave-metrics/internal/common/metricstorage/mockErrorStorage.go:40:			GetCounter			100.0%
github.com/fasdalf/train-go-musthave-metrics/internal/common/metricstorage/mockErrorStorage.go:47:			GetGauge			100.0%
github.com/fasdalf/train-go-musthave-metrics/internal/common/metricstorage/modelStorage.go:36:				NewSavableModelStorage		100.0%
github.com/fasdalf/train-go-musthave-metrics/internal/common/metricstorage/modelStorage.go:48:				saveCommonModel			100.0%
github.com/fasdalf/train-go-musthave-metrics/internal/common/metricstorage/modelStorage.go:74:				SaveCommonModel			100.0%
github.com/fasdalf/train-go-musthave-metrics/internal/common/metricstorage/modelStorage.go:79:				SaveCommonModels		75.0%
github.com/fasdalf/train-go-musthave-metrics/internal/common/mockreaders/errcloser.go:13:				NewErrCloser			100.0%
github.com/fasdalf/train-go-musthave-metrics/internal/common/mockreaders/errcloser.go:16:				Close				100.0%
github.com/fasdalf/train-go-musthave-metrics/internal/common/mockreaders/errreader.go:10:				Read				100.0%
github.com/fasdalf/train-go-musthave-metrics/internal/common/mockreaders/errreader.go:14:				Close				100.0%
github.com/fasdalf/train-go-musthave-metrics/internal/common/printbuild/printbuild.go:20:				Print				100.0%
github.com/fasdalf/train-go-musthave-metrics/internal/common/retryattempt/retryattempt.go:14:				NewRetryer			100.0%
github.com/fasdalf/train-go-musthave-metrics/internal/common/retryattempt/retryattempt.go:18:				NewOneAttemptRetryer		100.0%
github.com/fasdalf/train-go-musthave-metrics/internal/common/retryattempt/retryattempt.go:23:				Try				100.0%
github.com/fasdalf/train-go-musthave-metrics/internal/common/rsacrypt/rsacrypt.go:17:					GenerateKeyPair			75.0%
github.com/fasdalf/train-go-musthave-metrics/internal/common/rsacrypt/rsacrypt.go:26:					PrivateKeyToBytes		100.0%
github.com/fasdalf/train-go-musthave-metrics/internal/common/rsacrypt/rsacrypt.go:38:					PublicKeyToBytes		80.0%
github.com/fasdalf/train-go-musthave-metrics/internal/common/rsacrypt/rsacrypt.go:53:					BytesToPrivateKey		100.0%
github.com/fasdalf/train-go-musthave-metrics/internal/common/rsacrypt/rsacrypt.go:60:					BytesToPublicKey		80.0%
github.com/fasdalf/train-go-musthave-metrics/internal/common/rsacrypt/rsacrypt.go:75:					FileToPrivateKey		75.0%
github.com/fasdalf/train-go-musthave-metrics/internal/common/rsacrypt/rsacrypt.go:83:					FileToPublicKey			75.0%
github.com/fasdalf/train-go-musthave-metrics/internal/common/rsacrypt/rsacrypt.go:92:					EncryptWithPublicKey		80.0%
github.com/fasdalf/train-go-musthave-metrics/internal/common/rsacrypt/rsacrypt.go:102:					DecryptWithPrivateKey		80.0%
github.com/fasdalf/train-go-musthave-metrics/internal/common/rsacrypt/rsacrypt.go:114:					EncryptOAEP			91.7%
github.com/fasdalf/train-go-musthave-metrics/internal/common/rsacrypt/rsacrypt.go:139:					DecryptOAEP			83.3%
github.com/fasdalf/train-go-musthave-metrics/internal/server/grpcserver/controller/updatemetrics.go:16:			UpdateMetrics			100.0%
github.com/fasdalf/train-go-musthave-metrics/internal/server/grpcserver/grpc.go:16:					NewGrpcServer			100.0%
github.com/fasdalf/train-go-musthave-metrics/internal/server/grpcserver/interceptors/private.go:8:			getFirstMd			100.0%
github.com/fasdalf/train-go-musthave-metrics/internal/server/grpcserver/interceptors/sloginterceptor.go:10:		NewSlogInterceptor		100.0%
github.com/fasdalf/train-go-musthave-metrics/internal/server/grpcserver/interceptors/validateipinterceptor.go:16:	NewValidateIPInterceptor	100.0%
github.com/fasdalf/train-go-musthave-metrics/internal/server/handlers/checkMetricExistenceHandler.go:17:		CheckMetricExistenceHandler	100.0%
github.com/fasdalf/train-go-musthave-metrics/internal/server/handlers/compressWriter.go:17:				newCompressWriter		0.0%
github.com/fasdalf/train-go-musthave-metrics/internal/server/handlers/compressWriter.go:24:				Write				0.0%
github.com/fasdalf/train-go-musthave-metrics/internal/server/handlers/compressWriter.go:28:				WriteHeader			0.0%
github.com/fasdalf/train-go-musthave-metrics/internal/server/handlers/compressWriter.go:36:				Close				0.0%
github.com/fasdalf/train-go-musthave-metrics/internal/server/handlers/compressWriter.go:47:				newCompressReader		0.0%
github.com/fasdalf/train-go-musthave-metrics/internal/server/handlers/compressWriter.go:59:				Read				0.0%
github.com/fasdalf/train-go-musthave-metrics/internal/server/handlers/compressWriter.go:63:				Close				0.0%
github.com/fasdalf/train-go-musthave-metrics/internal/server/handlers/cryptoreader.go:19:				newCryptoReader			100.0%
github.com/fasdalf/train-go-musthave-metrics/internal/server/handlers/cryptoreader.go:40:				Read				100.0%
github.com/fasdalf/train-go-musthave-metrics/internal/server/handlers/cryptoreader.go:44:				Close				100.0%
github.com/fasdalf/train-go-musthave-metrics/internal/server/handlers/decryptBodyHandler.go:13:				NewDecryptBodyHandler		100.0%
github.com/fasdalf/train-go-musthave-metrics/internal/server/handlers/gzipCompressionHandler.go:11:			GzipCompressionHandler		0.0%
github.com/fasdalf/train-go-musthave-metrics/internal/server/handlers/hashWriter.go:15:					newHashWriter			0.0%
github.com/fasdalf/train-go-musthave-metrics/internal/server/handlers/hashWriter.go:22:					Write				0.0%
github.com/fasdalf/train-go-musthave-metrics/internal/server/handlers/hashWriter.go:27:					GetHash				0.0%
github.com/fasdalf/train-go-musthave-metrics/internal/server/handlers/hashWriter.go:31:					WriteReally			0.0%
github.com/fasdalf/train-go-musthave-metrics/internal/server/handlers/index.go:10:					NewIndexHandler			58.3%
github.com/fasdalf/train-go-musthave-metrics/internal/server/handlers/loggingResponseWriter.go:21:			Write				0.0%
github.com/fasdalf/train-go-musthave-metrics/internal/server/handlers/loggingResponseWriter.go:28:			WriteHeader			0.0%
github.com/fasdalf/train-go-musthave-metrics/internal/server/handlers/metricValueResponseHandler.go:20:			MetricValueResponseHandler	97.1%
github.com/fasdalf/train-go-musthave-metrics/internal/server/handlers/pingDBHandler.go:15:				NewPingDBHandler		0.0%
github.com/fasdalf/train-go-musthave-metrics/internal/server/handlers/respondWithHashHandler.go:11:			NewRespondWithHashHandler	0.0%
github.com/fasdalf/train-go-musthave-metrics/internal/server/handlers/saveMetricHandler.go:13:				SaveMetricHandler		0.0%
github.com/fasdalf/train-go-musthave-metrics/internal/server/handlers/saveMetricsHandler.go:20:				SaveMetricsHandler		0.0%
github.com/fasdalf/train-go-musthave-metrics/internal/server/handlers/saveMetricsHandler.go:41:				isPgConnectionError		0.0%
github.com/fasdalf/train-go-musthave-metrics/internal/server/handlers/slogHandler.go:11:				SlogHandler			0.0%
github.com/fasdalf/train-go-musthave-metrics/internal/server/handlers/updateMetric.go:25:				NewUpdateMetricHandler		100.0%
github.com/fasdalf/train-go-musthave-metrics/internal/server/handlers/validateHashHandler.go:20:			NewValidateHashHandler		0.0%
github.com/fasdalf/train-go-musthave-metrics/internal/server/handlers/validateiphandler.go:17:				NewValidateIPHandler		100.0%
github.com/fasdalf/train-go-musthave-metrics/internal/server/handlers/viewMetric.go:17:					NewViewStatsHandler		67.6%
github.com/fasdalf/train-go-musthave-metrics/internal/server/httpServer.go:12:						NewRoutingEngine		100.0%
total:															(statements)			59.0%
